<?xml version="1.0" encoding="UTF-8"?>
<coverage generated="1586350592157" clover="3.2.0">
  <project timestamp="1586350592157" name="All files">
    <metrics statements="43" coveredstatements="39" conditionals="12" coveredconditionals="9" methods="15" coveredmethods="14" elements="70" coveredelements="62" complexity="0" loc="43" ncloc="43" packages="4" files="4" classes="4"/>
    <package name="data">
      <metrics statements="1" coveredstatements="1" conditionals="0" coveredconditionals="0" methods="0" coveredmethods="0"/>
      <file name="formations.ts" path="/Users/matthewmacartney/Development/FIFA-20 game/FIFA-20-team-generator/data/formations.ts">
        <metrics statements="1" coveredstatements="1" conditionals="0" coveredconditionals="0" methods="0" coveredmethods="0"/>
        <line num="2" count="1" type="stmt"/>
      </file>
    </package>
    <package name="mappers">
      <metrics statements="22" coveredstatements="22" conditionals="4" coveredconditionals="4" methods="8" coveredmethods="8"/>
      <file name="player-mapper.ts" path="/Users/matthewmacartney/Development/FIFA-20 game/FIFA-20-team-generator/mappers/player-mapper.ts">
        <metrics statements="22" coveredstatements="22" conditionals="4" coveredconditionals="4" methods="8" coveredmethods="8"/>
        <line num="2" count="2" type="stmt"/>
        <line num="11" count="2" type="stmt"/>
        <line num="20" count="2" type="stmt"/>
        <line num="21" count="16" type="stmt"/>
        <line num="24" count="2" type="stmt"/>
        <line num="26" count="3" type="cond" truecount="2" falsecount="0"/>
        <line num="27" count="2" type="stmt"/>
        <line num="30" count="2" type="stmt"/>
        <line num="33" count="2" type="stmt"/>
        <line num="34" count="2" type="stmt"/>
        <line num="35" count="1" type="stmt"/>
        <line num="38" count="2" type="stmt"/>
        <line num="39" count="1" type="stmt"/>
        <line num="42" count="2" type="stmt"/>
        <line num="44" count="146" type="stmt"/>
        <line num="45" count="16" type="stmt"/>
        <line num="46" count="16" type="stmt"/>
        <line num="48" count="16" type="cond" truecount="2" falsecount="0"/>
        <line num="49" count="1" type="stmt"/>
        <line num="52" count="16" type="stmt"/>
        <line num="55" count="2" type="stmt"/>
        <line num="62" count="2" type="stmt"/>
      </file>
    </package>
    <package name="pages.api">
      <metrics statements="13" coveredstatements="10" conditionals="4" coveredconditionals="3" methods="4" coveredmethods="3"/>
      <file name="create-team.ts" path="/Users/matthewmacartney/Development/FIFA-20 game/FIFA-20-team-generator/pages/api/create-team.ts">
        <metrics statements="13" coveredstatements="10" conditionals="4" coveredconditionals="3" methods="4" coveredmethods="3"/>
        <line num="1" count="1" type="stmt"/>
        <line num="2" count="1" type="stmt"/>
        <line num="4" count="1" type="stmt"/>
        <line num="6" count="1" type="stmt"/>
        <line num="7" count="14" type="stmt"/>
        <line num="10" count="1" type="stmt"/>
        <line num="12" count="1" type="stmt"/>
        <line num="13" count="1" type="cond" truecount="3" falsecount="1"/>
        <line num="15" count="1" type="stmt"/>
        <line num="23" count="1" type="stmt"/>
        <line num="25" count="0" type="stmt"/>
        <line num="26" count="0" type="stmt"/>
        <line num="28" count="0" type="stmt"/>
      </file>
    </package>
    <package name="utils">
      <metrics statements="7" coveredstatements="6" conditionals="4" coveredconditionals="2" methods="3" coveredmethods="3"/>
      <file name="sort-util.ts" path="/Users/matthewmacartney/Development/FIFA-20 game/FIFA-20-team-generator/utils/sort-util.ts">
        <metrics statements="7" coveredstatements="6" conditionals="4" coveredconditionals="2" methods="3" coveredmethods="3"/>
        <line num="5" count="2" type="stmt"/>
        <line num="7" count="1" type="stmt"/>
        <line num="8" count="1" type="stmt"/>
        <line num="9" count="1" type="cond" truecount="1" falsecount="1"/>
        <line num="10" count="1" type="cond" truecount="1" falsecount="1"/>
        <line num="11" count="0" type="stmt"/>
        <line num="15" count="1" type="stmt"/>
      </file>
    </package>
  </project>
</coverage>
