{"/Users/matthewmacartney/Development/FIFA-20 game/FIFA-20-team-generator/data/formations.ts": {"path":"/Users/matthewmacartney/Development/FIFA-20 game/FIFA-20-team-generator/data/formations.ts","statementMap":{"0":{"start":{"line":2,"column":0},"end":{"line":183,"column":16}}},"fnMap":{},"branchMap":{},"s":{"0":1},"f":{},"b":{}}
,"/Users/matthewmacartney/Development/FIFA-20 game/FIFA-20-team-generator/mappers/player-mapper.ts": {"path":"/Users/matthewmacartney/Development/FIFA-20 game/FIFA-20-team-generator/mappers/player-mapper.ts","statementMap":{"0":{"start":{"line":2,"column":0},"end":{"line":2,"column":39}},"1":{"start":{"line":11,"column":13},"end":{"line":18,"column":null}},"2":{"start":{"line":20,"column":29},"end":{"line":22,"column":1}},"3":{"start":{"line":21,"column":2},"end":{"line":21,"column":59}},"4":{"start":{"line":24,"column":22},"end":{"line":31,"column":1}},"5":{"start":{"line":26,"column":2},"end":{"line":28,"column":null}},"6":{"start":{"line":27,"column":4},"end":{"line":27,"column":55}},"7":{"start":{"line":27,"column":34},"end":{"line":27,"column":53}},"8":{"start":{"line":30,"column":2},"end":{"line":30,"column":25}},"9":{"start":{"line":33,"column":25},"end":{"line":36,"column":1}},"10":{"start":{"line":34,"column":24},"end":{"line":34,"column":69}},"11":{"start":{"line":34,"column":57},"end":{"line":34,"column":65}},"12":{"start":{"line":35,"column":2},"end":{"line":35,"column":54}},"13":{"start":{"line":38,"column":28},"end":{"line":40,"column":1}},"14":{"start":{"line":39,"column":2},"end":{"line":39,"column":33}},"15":{"start":{"line":42,"column":24},"end":{"line":53,"column":1}},"16":{"start":{"line":44,"column":28},"end":{"line":44,"column":95}},"17":{"start":{"line":44,"column":66},"end":{"line":44,"column":94}},"18":{"start":{"line":45,"column":22},"end":{"line":45,"column":75}},"19":{"start":{"line":46,"column":15},"end":{"line":46,"column":45}},"20":{"start":{"line":48,"column":2},"end":{"line":50,"column":null}},"21":{"start":{"line":49,"column":4},"end":{"line":49,"column":27}},"22":{"start":{"line":52,"column":2},"end":{"line":52,"column":16}},"23":{"start":{"line":55,"column":35},"end":{"line":60,"column":2}},"24":{"start":{"line":62,"column":0},"end":{"line":62,"column":28}}},"fnMap":{"0":{"name":"(anonymous_1)","decl":{"start":{"line":20,"column":29},"end":{"line":20,"column":30}},"loc":{"start":{"line":20,"column":58},"end":{"line":22,"column":1}}},"1":{"name":"(anonymous_2)","decl":{"start":{"line":24,"column":22},"end":{"line":24,"column":23}},"loc":{"start":{"line":24,"column":63},"end":{"line":31,"column":1}}},"2":{"name":"(anonymous_3)","decl":{"start":{"line":27,"column":29},"end":{"line":27,"column":30}},"loc":{"start":{"line":27,"column":34},"end":{"line":27,"column":53}}},"3":{"name":"(anonymous_4)","decl":{"start":{"line":33,"column":25},"end":{"line":33,"column":26}},"loc":{"start":{"line":33,"column":50},"end":{"line":36,"column":1}}},"4":{"name":"(anonymous_5)","decl":{"start":{"line":34,"column":52},"end":{"line":34,"column":53}},"loc":{"start":{"line":34,"column":57},"end":{"line":34,"column":65}}},"5":{"name":"(anonymous_6)","decl":{"start":{"line":38,"column":28},"end":{"line":38,"column":29}},"loc":{"start":{"line":38,"column":55},"end":{"line":40,"column":1}}},"6":{"name":"(anonymous_7)","decl":{"start":{"line":42,"column":24},"end":{"line":42,"column":25}},"loc":{"start":{"line":42,"column":69},"end":{"line":53,"column":1}}},"7":{"name":"(anonymous_8)","decl":{"start":{"line":44,"column":46},"end":{"line":44,"column":47}},"loc":{"start":{"line":44,"column":66},"end":{"line":44,"column":94}}}},"branchMap":{"0":{"loc":{"start":{"line":26,"column":2},"end":{"line":28,"column":null}},"type":"if","locations":[{"start":{"line":26,"column":2},"end":{"line":28,"column":null}},{"start":{"line":26,"column":2},"end":{"line":28,"column":null}}]},"1":{"loc":{"start":{"line":48,"column":2},"end":{"line":50,"column":null}},"type":"if","locations":[{"start":{"line":48,"column":2},"end":{"line":50,"column":null}},{"start":{"line":48,"column":2},"end":{"line":50,"column":null}}]}},"s":{"0":2,"1":2,"2":2,"3":16,"4":2,"5":3,"6":1,"7":2,"8":2,"9":2,"10":1,"11":2,"12":1,"13":2,"14":1,"15":2,"16":16,"17":146,"18":16,"19":16,"20":16,"21":1,"22":16,"23":2,"24":2},"f":{"0":16,"1":3,"2":2,"3":1,"4":2,"5":1,"6":16,"7":146},"b":{"0":[1,2],"1":[1,15]}}
,"/Users/matthewmacartney/Development/FIFA-20 game/FIFA-20-team-generator/pages/api/create-team.ts": {"path":"/Users/matthewmacartney/Development/FIFA-20 game/FIFA-20-team-generator/pages/api/create-team.ts","statementMap":{"0":{"start":{"line":1,"column":0},"end":{"line":1,"column":47}},"1":{"start":{"line":2,"column":0},"end":{"line":2,"column":41}},"2":{"start":{"line":4,"column":0},"end":{"line":4,"column":49}},"3":{"start":{"line":6,"column":13},"end":{"line":8,"column":null}},"4":{"start":{"line":7,"column":2},"end":{"line":7,"column":93}},"5":{"start":{"line":7,"column":47},"end":{"line":7,"column":91}},"6":{"start":{"line":10,"column":13},"end":{"line":21,"column":null}},"7":{"start":{"line":12,"column":29},"end":{"line":12,"column":76}},"8":{"start":{"line":13,"column":49},"end":{"line":13,"column":96}},"9":{"start":{"line":15,"column":2},"end":{"line":20,"column":null}},"10":{"start":{"line":23,"column":0},"end":{"line":29,"column":2}},"11":{"start":{"line":25,"column":32},"end":{"line":25,"column":44}},"12":{"start":{"line":26,"column":15},"end":{"line":26,"column":56}},"13":{"start":{"line":28,"column":2},"end":{"line":28,"column":34}}},"fnMap":{"0":{"name":"(anonymous_1)","decl":{"start":{"line":6,"column":26},"end":{"line":6,"column":27}},"loc":{"start":{"line":6,"column":78},"end":{"line":8,"column":1}}},"1":{"name":"(anonymous_2)","decl":{"start":{"line":7,"column":23},"end":{"line":7,"column":24}},"loc":{"start":{"line":7,"column":47},"end":{"line":7,"column":91}}},"2":{"name":"(anonymous_3)","decl":{"start":{"line":10,"column":26},"end":{"line":10,"column":27}},"loc":{"start":{"line":10,"column":93},"end":{"line":21,"column":1}}},"3":{"name":"(anonymous_4)","decl":{"start":{"line":23,"column":15},"end":{"line":23,"column":16}},"loc":{"start":{"line":23,"column":37},"end":{"line":29,"column":1}}}},"branchMap":{"0":{"loc":{"start":{"line":13,"column":73},"end":{"line":13,"column":77}},"type":"cond-expr","locations":[{"start":{"line":13,"column":73},"end":{"line":13,"column":77}},{"start":{"line":13,"column":77},"end":{"line":13,"column":96}}]},"1":{"loc":{"start":{"line":13,"column":49},"end":{"line":13,"column":77}},"type":"binary-expr","locations":[{"start":{"line":13,"column":49},"end":{"line":13,"column":77}},{"start":{"line":13,"column":73},"end":{"line":13,"column":77}}]}},"s":{"0":1,"1":1,"2":1,"3":1,"4":5,"5":14,"6":1,"7":1,"8":1,"9":1,"10":1,"11":0,"12":0,"13":0},"f":{"0":5,"1":14,"2":1,"3":0},"b":{"0":[1,0],"1":[1,1]}}
,"/Users/matthewmacartney/Development/FIFA-20 game/FIFA-20-team-generator/utils/sort-util.ts": {"path":"/Users/matthewmacartney/Development/FIFA-20 game/FIFA-20-team-generator/utils/sort-util.ts","statementMap":{"0":{"start":{"line":5,"column":0},"end":{"line":18,"column":2}},"1":{"start":{"line":7,"column":29},"end":{"line":13,"column":3}},"2":{"start":{"line":8,"column":4},"end":{"line":12,"column":7}},"3":{"start":{"line":9,"column":8},"end":{"line":9,"column":29}},"4":{"start":{"line":9,"column":19},"end":{"line":9,"column":29}},"5":{"start":{"line":10,"column":8},"end":{"line":10,"column":28}},"6":{"start":{"line":10,"column":19},"end":{"line":10,"column":28}},"7":{"start":{"line":11,"column":8},"end":{"line":11,"column":17}},"8":{"start":{"line":15,"column":2},"end":{"line":17,"column":null}}},"fnMap":{"0":{"name":"(anonymous_0)","decl":{"start":{"line":5,"column":15},"end":{"line":5,"column":24}},"loc":{"start":{"line":5,"column":26},"end":{"line":18,"column":1}}},"1":{"name":"(anonymous_1)","decl":{"start":{"line":7,"column":29},"end":{"line":7,"column":30}},"loc":{"start":{"line":7,"column":49},"end":{"line":13,"column":3}}},"2":{"name":"(anonymous_2)","decl":{"start":{"line":8,"column":22},"end":{"line":8,"column":23}},"loc":{"start":{"line":8,"column":31},"end":{"line":12,"column":5}}}},"branchMap":{"0":{"loc":{"start":{"line":9,"column":8},"end":{"line":9,"column":29}},"type":"if","locations":[{"start":{"line":9,"column":8},"end":{"line":9,"column":29}},{"start":{"line":9,"column":8},"end":{"line":9,"column":29}}]},"1":{"loc":{"start":{"line":10,"column":8},"end":{"line":10,"column":28}},"type":"if","locations":[{"start":{"line":10,"column":8},"end":{"line":10,"column":28}},{"start":{"line":10,"column":8},"end":{"line":10,"column":28}}]}},"s":{"0":2,"1":1,"2":1,"3":1,"4":0,"5":1,"6":1,"7":0,"8":1},"f":{"0":1,"1":1,"2":1},"b":{"0":[0,1],"1":[1,0]}}
}
