TN:
SF:data/formations.ts
FNF:0
FNH:0
DA:2,1
LF:1
LH:1
BRF:0
BRH:0
end_of_record
TN:
SF:mappers/player-mapper.ts
FN:20,(anonymous_1)
FN:24,(anonymous_2)
FN:27,(anonymous_3)
FN:33,(anonymous_4)
FN:34,(anonymous_5)
FN:38,(anonymous_6)
FN:42,(anonymous_7)
FN:44,(anonymous_8)
FNF:8
FNH:8
FNDA:16,(anonymous_1)
FNDA:3,(anonymous_2)
FNDA:2,(anonymous_3)
FNDA:1,(anonymous_4)
FNDA:2,(anonymous_5)
FNDA:1,(anonymous_6)
FNDA:16,(anonymous_7)
FNDA:146,(anonymous_8)
DA:2,2
DA:11,2
DA:20,2
DA:21,16
DA:24,2
DA:26,3
DA:27,2
DA:30,2
DA:33,2
DA:34,2
DA:35,1
DA:38,2
DA:39,1
DA:42,2
DA:44,146
DA:45,16
DA:46,16
DA:48,16
DA:49,1
DA:52,16
DA:55,2
DA:62,2
LF:22
LH:22
BRDA:26,0,0,1
BRDA:26,0,1,2
BRDA:48,1,0,1
BRDA:48,1,1,15
BRF:4
BRH:4
end_of_record
TN:
SF:pages/api/create-team.ts
FN:6,(anonymous_1)
FN:7,(anonymous_2)
FN:10,(anonymous_3)
FN:23,(anonymous_4)
FNF:4
FNH:3
FNDA:5,(anonymous_1)
FNDA:14,(anonymous_2)
FNDA:1,(anonymous_3)
FNDA:0,(anonymous_4)
DA:1,1
DA:2,1
DA:4,1
DA:6,1
DA:7,14
DA:10,1
DA:12,1
DA:13,1
DA:15,1
DA:23,1
DA:25,0
DA:26,0
DA:28,0
LF:13
LH:10
BRDA:13,0,0,1
BRDA:13,0,1,0
BRDA:13,1,0,1
BRDA:13,1,1,1
BRF:4
BRH:3
end_of_record
TN:
SF:utils/sort-util.ts
FN:5,(anonymous_0)
FN:7,(anonymous_1)
FN:8,(anonymous_2)
FNF:3
FNH:3
FNDA:1,(anonymous_0)
FNDA:1,(anonymous_1)
FNDA:1,(anonymous_2)
DA:5,2
DA:7,1
DA:8,1
DA:9,1
DA:10,1
DA:11,0
DA:15,1
LF:7
LH:6
BRDA:9,0,0,0
BRDA:9,0,1,1
BRDA:10,1,0,1
BRDA:10,1,1,0
BRF:4
BRH:2
end_of_record
